<?xml version="1.0" encoding="UTF-8"?>
<!-- Generated by org.testng.reporters.JUnitReportReporter -->
<testsuite hostname="DESKTOP-GV6AB6R" failures="0" tests="4" name="Runner.TestRunner" time="0.352" errors="0" timestamp="2023-07-25T21:07:30 IST" skipped="0">
  <testcase classname="Runner.TestRunner" name="runScenario" time="0.077"/>
  <system-out/>
  <testcase classname="Runner.TestRunner" name="runScenario" time="0.211"/>
  <system-out/>
  <testcase classname="Runner.TestRunner" name="runScenario" time="0.027"/>
  <system-out/>
  <testcase classname="Runner.TestRunner" name="runScenario" time="0.037"/>
  <system-out/>
</testsuite> <!-- Runner.TestRunner -->
